[debug] [2025-08-30T04:44:28.660Z] ----------------------------------------------------------------------
[debug] [2025-08-30T04:44:28.665Z] Command:       C:\Program Files\nodejs\node.exe C:\Users\HP\AppData\Roaming\npm\node_modules\firebase-tools\lib\bin\firebase.js init
[debug] [2025-08-30T04:44:28.666Z] CLI Version:   14.15.1
[debug] [2025-08-30T04:44:28.666Z] Platform:      win32
[debug] [2025-08-30T04:44:28.666Z] Node Version:  v22.18.0
[debug] [2025-08-30T04:44:28.666Z] Time:          Sat Aug 30 2025 10:14:28 GMT+0530 (India Standard Time)
[debug] [2025-08-30T04:44:28.666Z] ----------------------------------------------------------------------
[debug] 
[debug] [2025-08-30T04:44:28.669Z] >>> [apiv2][query] GET https://firebase-public.firebaseio.com/cli.json [none]
[debug] [2025-08-30T04:44:29.014Z] > command requires scopes: ["email","openid","https://www.googleapis.com/auth/cloudplatformprojects.readonly","https://www.googleapis.com/auth/firebase","https://www.googleapis.com/auth/cloud-platform"]
[debug] [2025-08-30T04:44:29.014Z] > authorizing via signed-in user (voltedgebuilds@gmail.com)
[info] 
     ######## #### ########  ######## ########     ###     ######  ########
     ##        ##  ##     ## ##       ##     ##  ##   ##  ##       ##
     ######    ##  ########  ######   ########  #########  ######  ######
     ##        ##  ##    ##  ##       ##     ## ##     ##       ## ##
     ##       #### ##     ## ######## ########  ##     ##  ######  ########

You're about to initialize a Firebase project in this directory:

  C:\Users\HP\Desktop\doc ameen\web\webcreator

Before we get started, keep in mind:

  * You are initializing within an existing Firebase project directory

[debug] [2025-08-30T04:44:29.648Z] <<< [apiv2][status] GET https://firebase-public.firebaseio.com/cli.json 200
[debug] [2025-08-30T04:44:29.649Z] <<< [apiv2][body] GET https://firebase-public.firebaseio.com/cli.json {"cloudBuildErrorAfter":1594252800000,"cloudBuildWarnAfter":1590019200000,"defaultNode10After":1594252800000,"minVersion":"3.0.5","node8DeploysDisabledAfter":1613390400000,"node8RuntimeDisabledAfter":1615809600000,"node8WarnAfter":1600128000000}
[info] 
=== Project Setup
[info] 
[info] First, let's associate this project directory with a Firebase project.
[info] You can create multiple project aliases by running firebase use --add, 
[info] but for now we'll just set up a default project.
[info] 
[debug] [2025-08-30T04:45:08.803Z] Checked if tokens are valid: false, expires at: 1755086932521
[debug] [2025-08-30T04:45:08.803Z] Checked if tokens are valid: false, expires at: 1755086932521
[debug] [2025-08-30T04:45:08.804Z] > refreshing access token with scopes: []
[debug] [2025-08-30T04:45:08.806Z] >>> [apiv2][query] POST https://www.googleapis.com/oauth2/v3/token [none]
[debug] [2025-08-30T04:45:08.807Z] >>> [apiv2][body] POST https://www.googleapis.com/oauth2/v3/token [omitted]
[debug] [2025-08-30T04:45:09.002Z] <<< [apiv2][status] POST https://www.googleapis.com/oauth2/v3/token 200
[debug] [2025-08-30T04:45:09.003Z] <<< [apiv2][body] POST https://www.googleapis.com/oauth2/v3/token [omitted]
[debug] [2025-08-30T04:45:09.017Z] >>> [apiv2][query] GET https://firebase.googleapis.com/v1beta1/projects pageSize=100
[debug] [2025-08-30T04:45:09.699Z] <<< [apiv2][status] GET https://firebase.googleapis.com/v1beta1/projects 200
[debug] [2025-08-30T04:45:09.700Z] <<< [apiv2][body] GET https://firebase.googleapis.com/v1beta1/projects [omitted]
[info] i  Using project webcreator-voltnexis (webcreator-voltnexis) 
[info] 
=== Dataconnect Setup
[debug] [2025-08-30T04:45:16.628Z] Checked if tokens are valid: true, expires at: 1756532708003
[debug] [2025-08-30T04:45:16.628Z] Checked if tokens are valid: true, expires at: 1756532708003
[debug] [2025-08-30T04:45:16.629Z] >>> [apiv2][query] GET https://cloudbilling.googleapis.com/v1/projects/webcreator-voltnexis/billingInfo [none]
[debug] [2025-08-30T04:45:18.084Z] <<< [apiv2][status] GET https://cloudbilling.googleapis.com/v1/projects/webcreator-voltnexis/billingInfo 200
[debug] [2025-08-30T04:45:18.085Z] <<< [apiv2][body] GET https://cloudbilling.googleapis.com/v1/projects/webcreator-voltnexis/billingInfo {"name":"projects/webcreator-voltnexis/billingInfo","projectId":"webcreator-voltnexis","billingAccountName":"","billingEnabled":false}
[info] i  dataconnect: ensuring required API firebasedataconnect.googleapis.com is enabled... 
[debug] [2025-08-30T04:45:18.090Z] Checked if tokens are valid: true, expires at: 1756532708003
[debug] [2025-08-30T04:45:18.091Z] Checked if tokens are valid: true, expires at: 1756532708003
[info] i  dataconnect: ensuring required API sqladmin.googleapis.com is enabled... 
[debug] [2025-08-30T04:45:18.093Z] Checked if tokens are valid: true, expires at: 1756532708003
[debug] [2025-08-30T04:45:18.094Z] Checked if tokens are valid: true, expires at: 1756532708003
[debug] [2025-08-30T04:45:18.095Z] >>> [apiv2][query] GET https://serviceusage.googleapis.com/v1/projects/webcreator-voltnexis/services/firebasedataconnect.googleapis.com [none]
[debug] [2025-08-30T04:45:18.095Z] >>> [apiv2][(partial)header] GET https://serviceusage.googleapis.com/v1/projects/webcreator-voltnexis/services/firebasedataconnect.googleapis.com x-goog-quota-user=projects/webcreator-voltnexis
[debug] [2025-08-30T04:45:18.098Z] >>> [apiv2][query] GET https://serviceusage.googleapis.com/v1/projects/webcreator-voltnexis/services/sqladmin.googleapis.com [none]
[debug] [2025-08-30T04:45:18.098Z] >>> [apiv2][(partial)header] GET https://serviceusage.googleapis.com/v1/projects/webcreator-voltnexis/services/sqladmin.googleapis.com x-goog-quota-user=projects/webcreator-voltnexis
[debug] [2025-08-30T04:45:19.733Z] <<< [apiv2][status] GET https://serviceusage.googleapis.com/v1/projects/webcreator-voltnexis/services/firebasedataconnect.googleapis.com 200
[debug] [2025-08-30T04:45:19.734Z] <<< [apiv2][body] GET https://serviceusage.googleapis.com/v1/projects/webcreator-voltnexis/services/firebasedataconnect.googleapis.com [omitted]
[warn] !  dataconnect: missing required API firebasedataconnect.googleapis.com. Enabling now... 
[debug] [2025-08-30T04:45:19.737Z] Checked if tokens are valid: true, expires at: 1756532708003
[debug] [2025-08-30T04:45:19.738Z] Checked if tokens are valid: true, expires at: 1756532708003
[debug] [2025-08-30T04:45:19.739Z] >>> [apiv2][query] POST https://serviceusage.googleapis.com/v1/projects/webcreator-voltnexis/services/firebasedataconnect.googleapis.com:enable [none]
[debug] [2025-08-30T04:45:19.739Z] >>> [apiv2][(partial)header] POST https://serviceusage.googleapis.com/v1/projects/webcreator-voltnexis/services/firebasedataconnect.googleapis.com:enable x-goog-quota-user=projects/webcreator-voltnexis
[debug] [2025-08-30T04:45:19.746Z] <<< [apiv2][status] GET https://serviceusage.googleapis.com/v1/projects/webcreator-voltnexis/services/sqladmin.googleapis.com 200
[debug] [2025-08-30T04:45:19.746Z] <<< [apiv2][body] GET https://serviceusage.googleapis.com/v1/projects/webcreator-voltnexis/services/sqladmin.googleapis.com [omitted]
[warn] !  dataconnect: missing required API sqladmin.googleapis.com. Enabling now... 
[debug] [2025-08-30T04:45:19.748Z] Checked if tokens are valid: true, expires at: 1756532708003
[debug] [2025-08-30T04:45:19.750Z] Checked if tokens are valid: true, expires at: 1756532708003
[debug] [2025-08-30T04:45:19.751Z] >>> [apiv2][query] POST https://serviceusage.googleapis.com/v1/projects/webcreator-voltnexis/services/sqladmin.googleapis.com:enable [none]
[debug] [2025-08-30T04:45:19.751Z] >>> [apiv2][(partial)header] POST https://serviceusage.googleapis.com/v1/projects/webcreator-voltnexis/services/sqladmin.googleapis.com:enable x-goog-quota-user=projects/webcreator-voltnexis
[debug] [2025-08-30T04:45:20.234Z] <<< [apiv2][status] POST https://serviceusage.googleapis.com/v1/projects/webcreator-voltnexis/services/firebasedataconnect.googleapis.com:enable 200
[debug] [2025-08-30T04:45:20.235Z] <<< [apiv2][body] POST https://serviceusage.googleapis.com/v1/projects/webcreator-voltnexis/services/firebasedataconnect.googleapis.com:enable [omitted]
[debug] [2025-08-30T04:45:20.345Z] <<< [apiv2][status] POST https://serviceusage.googleapis.com/v1/projects/webcreator-voltnexis/services/sqladmin.googleapis.com:enable 200
[debug] [2025-08-30T04:45:20.345Z] <<< [apiv2][body] POST https://serviceusage.googleapis.com/v1/projects/webcreator-voltnexis/services/sqladmin.googleapis.com:enable [omitted]
[debug] [2025-08-30T04:45:30.387Z] Checked if tokens are valid: true, expires at: 1756532708003
[debug] [2025-08-30T04:45:30.387Z] Checked if tokens are valid: true, expires at: 1756532708003
[debug] [2025-08-30T04:45:30.387Z] >>> [apiv2][query] GET https://firebasedataconnect.googleapis.com/v1/projects/webcreator-voltnexis/locations/-/services [none]
[debug] [2025-08-30T04:45:32.517Z] <<< [apiv2][status] GET https://firebasedataconnect.googleapis.com/v1/projects/webcreator-voltnexis/locations/-/services 200
[debug] [2025-08-30T04:45:32.517Z] <<< [apiv2][body] GET https://firebasedataconnect.googleapis.com/v1/projects/webcreator-voltnexis/locations/-/services {}
[warn] !  dataconnect: No app exists in the current directory. 
[info] +  Wrote dataconnect\dataconnect.yaml 
[info] +  Wrote dataconnect\schema\schema.gql 
[info] +  Wrote dataconnect\example\connector.yaml 
[info] +  Wrote dataconnect\example\queries.gql 
[info] +  Wrote dataconnect\example\mutations.gql 
[info] i  dataconnect: No apps to setup Data Connect Generated SDKs 
[info] 
=== Firestore Setup
[info] i  firestore: ensuring required API firestore.googleapis.com is enabled... 
[debug] [2025-08-30T04:46:12.432Z] Checked if tokens are valid: true, expires at: 1756532708003
[debug] [2025-08-30T04:46:12.432Z] Checked if tokens are valid: true, expires at: 1756532708003
[debug] [2025-08-30T04:46:12.433Z] >>> [apiv2][query] GET https://serviceusage.googleapis.com/v1/projects/webcreator-voltnexis/services/firestore.googleapis.com [none]
[debug] [2025-08-30T04:46:12.433Z] >>> [apiv2][(partial)header] GET https://serviceusage.googleapis.com/v1/projects/webcreator-voltnexis/services/firestore.googleapis.com x-goog-quota-user=projects/webcreator-voltnexis
[debug] [2025-08-30T04:46:14.088Z] <<< [apiv2][status] GET https://serviceusage.googleapis.com/v1/projects/webcreator-voltnexis/services/firestore.googleapis.com 200
[debug] [2025-08-30T04:46:14.089Z] <<< [apiv2][body] GET https://serviceusage.googleapis.com/v1/projects/webcreator-voltnexis/services/firestore.googleapis.com [omitted]
[info] +  firestore: required API firestore.googleapis.com is enabled 
[debug] [2025-08-30T04:46:14.100Z] Checked if tokens are valid: true, expires at: 1756532708003
[debug] [2025-08-30T04:46:14.100Z] Checked if tokens are valid: true, expires at: 1756532708003
[debug] [2025-08-30T04:46:14.100Z] >>> [apiv2][query] GET https://firestore.googleapis.com/v1/projects/webcreator-voltnexis/databases [none]
[debug] [2025-08-30T04:46:15.006Z] <<< [apiv2][status] GET https://firestore.googleapis.com/v1/projects/webcreator-voltnexis/databases 200
[debug] [2025-08-30T04:46:15.006Z] <<< [apiv2][body] GET https://firestore.googleapis.com/v1/projects/webcreator-voltnexis/databases {"databases":[{"name":"projects/webcreator-voltnexis/databases/(default)","uid":"a3521f85-a39d-43ec-8584-60fbbf6ef898","createTime":"2025-08-30T04:29:56.985443Z","updateTime":"2025-08-30T04:29:56.985443Z","locationId":"asia-south1","type":"FIRESTORE_NATIVE","concurrencyMode":"PESSIMISTIC","versionRetentionPeriod":"3600s","earliestVersionTime":"2025-08-30T04:29:56.985443Z","appEngineIntegrationMode":"DISABLED","keyPrefix":"j","pointInTimeRecoveryEnablement":"POINT_IN_TIME_RECOVERY_DISABLED","deleteProtectionState":"DELETE_PROTECTION_DISABLED","databaseEdition":"STANDARD","freeTier":true,"etag":"INGZ0YvdsY8DMOPE4LnZsY8D"}]}
[info] 
[info] Firestore Security Rules allow you to define how and when to allow
[info] requests. You can keep these rules in your project directory
[info] and publish them with firebase deploy.
[info] 
[debug] [2025-08-30T04:46:15.014Z] Checked if tokens are valid: true, expires at: 1756532708003
[debug] [2025-08-30T04:46:15.015Z] Checked if tokens are valid: true, expires at: 1756532708003
[debug] [2025-08-30T04:46:15.016Z] >>> [apiv2][query] GET https://firebaserules.googleapis.com/v1/projects/webcreator-voltnexis/releases pageSize=10&pageToken=
[debug] [2025-08-30T04:46:16.451Z] <<< [apiv2][status] GET https://firebaserules.googleapis.com/v1/projects/webcreator-voltnexis/releases 200
[debug] [2025-08-30T04:46:16.452Z] <<< [apiv2][body] GET https://firebaserules.googleapis.com/v1/projects/webcreator-voltnexis/releases {"releases":[{"name":"projects/webcreator-voltnexis/releases/cloud.firestore","rulesetName":"projects/webcreator-voltnexis/rulesets/99663712-cade-4017-ad30-1c23f6081b0a","createTime":"2025-08-30T04:30:06.192219Z","updateTime":"2025-08-30T04:30:06.192219Z"}]}
[debug] [2025-08-30T04:46:16.453Z] Checked if tokens are valid: true, expires at: 1756532708003
[debug] [2025-08-30T04:46:16.453Z] Checked if tokens are valid: true, expires at: 1756532708003
[debug] [2025-08-30T04:46:16.454Z] >>> [apiv2][query] GET https://firebaserules.googleapis.com/v1/projects/webcreator-voltnexis/rulesets/99663712-cade-4017-ad30-1c23f6081b0a [none]
[debug] [2025-08-30T04:46:17.782Z] <<< [apiv2][status] GET https://firebaserules.googleapis.com/v1/projects/webcreator-voltnexis/rulesets/99663712-cade-4017-ad30-1c23f6081b0a 200
[debug] [2025-08-30T04:46:17.782Z] <<< [apiv2][body] GET https://firebaserules.googleapis.com/v1/projects/webcreator-voltnexis/rulesets/99663712-cade-4017-ad30-1c23f6081b0a [omitted]
[info] i  Downloaded the existing Firestore Security Rules from the Firebase console 
[info] i  Skipping write of firestore.rules 
[info] 
[info] Firestore indexes allow you to perform complex queries while
[info] maintaining performance that scales with the size of the result
[info] set. You can keep index definitions in your project directory
[info] and publish them with firebase deploy.
[info] 
[debug] [2025-08-30T04:46:30.178Z] Checked if tokens are valid: true, expires at: 1756532708003
[debug] [2025-08-30T04:46:30.178Z] Checked if tokens are valid: true, expires at: 1756532708003
[debug] [2025-08-30T04:46:30.179Z] Checked if tokens are valid: true, expires at: 1756532708003
[debug] [2025-08-30T04:46:30.179Z] Checked if tokens are valid: true, expires at: 1756532708003
[debug] [2025-08-30T04:46:30.179Z] >>> [apiv2][query] GET https://firestore.googleapis.com/v1/projects/webcreator-voltnexis/databases/(default)/collectionGroups/-/indexes [none]
[debug] [2025-08-30T04:46:30.182Z] >>> [apiv2][query] GET https://firestore.googleapis.com/v1/projects/webcreator-voltnexis/databases/(default)/collectionGroups/-/fields?filter=indexConfig.usesAncestorConfig=false OR ttlConfig:* [none]
[debug] [2025-08-30T04:46:30.588Z] <<< [apiv2][status] GET https://firestore.googleapis.com/v1/projects/webcreator-voltnexis/databases/(default)/collectionGroups/-/indexes 200
[debug] [2025-08-30T04:46:30.589Z] <<< [apiv2][body] GET https://firestore.googleapis.com/v1/projects/webcreator-voltnexis/databases/(default)/collectionGroups/-/indexes {}
[debug] [2025-08-30T04:46:30.824Z] <<< [apiv2][status] GET https://firestore.googleapis.com/v1/projects/webcreator-voltnexis/databases/(default)/collectionGroups/-/fields?filter=indexConfig.usesAncestorConfig=false OR ttlConfig:* 200
[debug] [2025-08-30T04:46:30.824Z] <<< [apiv2][body] GET https://firestore.googleapis.com/v1/projects/webcreator-voltnexis/databases/(default)/collectionGroups/-/fields?filter=indexConfig.usesAncestorConfig=false OR ttlConfig:* {"fields":[{"name":"projects/webcreator-voltnexis/databases/(default)/collectionGroups/__default__/fields/*","indexConfig":{"indexes":[{"queryScope":"COLLECTION","fields":[{"fieldPath":"*","order":"ASCENDING"}],"state":"READY"},{"queryScope":"COLLECTION","fields":[{"fieldPath":"*","order":"DESCENDING"}],"state":"READY"},{"queryScope":"COLLECTION","fields":[{"fieldPath":"*","arrayConfig":"CONTAINS"}],"state":"READY"}]}}]}
[info] i  Downloaded the existing Firestore indexes from the Firebase console 
[info] +  Wrote firestore.rules 
[info] +  Wrote firestore.indexes.json 
[info] 
=== Genkit Setup
[debug] [2025-08-30T04:46:50.889Z] > command requires scopes: ["email","openid","https://www.googleapis.com/auth/cloudplatformprojects.readonly","https://www.googleapis.com/auth/firebase","https://www.googleapis.com/auth/cloud-platform"]
[debug] [2025-08-30T04:46:50.889Z] > authorizing via signed-in user (voltedgebuilds@gmail.com)
[debug] [2025-08-30T04:46:50.889Z] [iam] checking project webcreator-voltnexis for permissions ["firebase.projects.get"]
[debug] [2025-08-30T04:46:50.890Z] Checked if tokens are valid: true, expires at: 1756532708003
[debug] [2025-08-30T04:46:50.890Z] Checked if tokens are valid: true, expires at: 1756532708003
[debug] [2025-08-30T04:46:50.890Z] >>> [apiv2][query] POST https://cloudresourcemanager.googleapis.com/v1/projects/webcreator-voltnexis:testIamPermissions [none]
[debug] [2025-08-30T04:46:50.890Z] >>> [apiv2][(partial)header] POST https://cloudresourcemanager.googleapis.com/v1/projects/webcreator-voltnexis:testIamPermissions x-goog-quota-user=projects/webcreator-voltnexis
[debug] [2025-08-30T04:46:50.891Z] >>> [apiv2][body] POST https://cloudresourcemanager.googleapis.com/v1/projects/webcreator-voltnexis:testIamPermissions {"permissions":["firebase.projects.get"]}
[debug] [2025-08-30T04:46:52.241Z] <<< [apiv2][status] POST https://cloudresourcemanager.googleapis.com/v1/projects/webcreator-voltnexis:testIamPermissions 200
[debug] [2025-08-30T04:46:52.242Z] <<< [apiv2][body] POST https://cloudresourcemanager.googleapis.com/v1/projects/webcreator-voltnexis:testIamPermissions {"permissions":["firebase.projects.get"]}
[debug] [2025-08-30T04:46:52.243Z] Checked if tokens are valid: true, expires at: 1756532708003
[debug] [2025-08-30T04:46:52.243Z] Checked if tokens are valid: true, expires at: 1756532708003
[debug] [2025-08-30T04:46:52.244Z] Checked if tokens are valid: true, expires at: 1756532708003
[debug] [2025-08-30T04:46:52.245Z] Checked if tokens are valid: true, expires at: 1756532708003
[debug] [2025-08-30T04:46:52.245Z] >>> [apiv2][query] GET https://serviceusage.googleapis.com/v1/projects/webcreator-voltnexis/services/cloudfunctions.googleapis.com [none]
[debug] [2025-08-30T04:46:52.245Z] >>> [apiv2][(partial)header] GET https://serviceusage.googleapis.com/v1/projects/webcreator-voltnexis/services/cloudfunctions.googleapis.com x-goog-quota-user=projects/webcreator-voltnexis
[debug] [2025-08-30T04:46:52.252Z] >>> [apiv2][query] GET https://serviceusage.googleapis.com/v1/projects/webcreator-voltnexis/services/runtimeconfig.googleapis.com [none]
[debug] [2025-08-30T04:46:52.253Z] >>> [apiv2][(partial)header] GET https://serviceusage.googleapis.com/v1/projects/webcreator-voltnexis/services/runtimeconfig.googleapis.com x-goog-quota-user=projects/webcreator-voltnexis
[debug] [2025-08-30T04:46:53.857Z] <<< [apiv2][status] GET https://serviceusage.googleapis.com/v1/projects/webcreator-voltnexis/services/runtimeconfig.googleapis.com 200
[debug] [2025-08-30T04:46:53.858Z] <<< [apiv2][body] GET https://serviceusage.googleapis.com/v1/projects/webcreator-voltnexis/services/runtimeconfig.googleapis.com [omitted]
[debug] [2025-08-30T04:46:53.880Z] <<< [apiv2][status] GET https://serviceusage.googleapis.com/v1/projects/webcreator-voltnexis/services/cloudfunctions.googleapis.com 200
[debug] [2025-08-30T04:46:53.880Z] <<< [apiv2][body] GET https://serviceusage.googleapis.com/v1/projects/webcreator-voltnexis/services/cloudfunctions.googleapis.com [omitted]
[debug] [2025-08-30T04:46:53.880Z] Checked if tokens are valid: true, expires at: 1756532708003
[debug] [2025-08-30T04:46:53.880Z] Checked if tokens are valid: true, expires at: 1756532708003
[debug] [2025-08-30T04:46:53.881Z] >>> [apiv2][query] POST https://serviceusage.googleapis.com/v1/projects/webcreator-voltnexis/services/cloudfunctions.googleapis.com:enable [none]
[debug] [2025-08-30T04:46:53.881Z] >>> [apiv2][(partial)header] POST https://serviceusage.googleapis.com/v1/projects/webcreator-voltnexis/services/cloudfunctions.googleapis.com:enable x-goog-quota-user=projects/webcreator-voltnexis
[debug] [2025-08-30T04:46:54.392Z] <<< [apiv2][status] POST https://serviceusage.googleapis.com/v1/projects/webcreator-voltnexis/services/cloudfunctions.googleapis.com:enable 200
[debug] [2025-08-30T04:46:54.392Z] <<< [apiv2][body] POST https://serviceusage.googleapis.com/v1/projects/webcreator-voltnexis/services/cloudfunctions.googleapis.com:enable [omitted]
[info] Let's create a new codebase for your functions.
[info] A directory corresponding to the codebase will be created in your project
[info] with sample code pre-configured.

[info] See https://firebase.google.com/docs/functions/organize-functions for
[info] more information on organizing your functions using codebases.

[info] Functions can be deployed with firebase deploy.

